"2022-10-08 18:37:47,024 INFO  Main [main] Начало скачек. Количество участников: 7
""2022-10-08 18:38:05,299 INFO  Main [main] Начало скачек. Количество участников: 7
""2022-10-08 18:40:44,719 INFO  Main [main] Начало скачек. Количество участников: 7
""2022-10-08 18:45:12,720 INFO  Main [main] Начало скачек. Количество участников: 7
""2022-10-08 18:45:18,691 INFO  Main [main] Начало скачек. Количество участников: 7
""2022-10-08 18:45:38,761 INFO  Main [main] Окончание скачек. Победитель: Вишня
""2022-10-08 18:48:38,172 INFO  Horse [main] Создание Horse, имя Буцефал, скорость 2.4
""2022-10-08 18:48:38,174 INFO  Horse [main] Создание Horse, имя Туз Пик, скорость 2.5
""2022-10-08 18:48:38,175 INFO  Horse [main] Создание Horse, имя Зефир, скорость 2.6
""2022-10-08 18:48:38,175 INFO  Horse [main] Создание Horse, имя Пожар, скорость 2.7
""2022-10-08 18:48:38,175 INFO  Horse [main] Создание Horse, имя Лобстер, скорость 2.8
""2022-10-08 18:48:38,175 INFO  Horse [main] Создание Horse, имя Пегас, скорость 2.9
""2022-10-08 18:48:38,175 INFO  Horse [main] Создание Horse, имя Вишня, скорость 3.0
""2022-10-08 18:48:38,176 INFO  Main [main] Начало скачек. Количество участников: 7
""2022-10-08 18:48:58,245 INFO  Main [main] Окончание скачек. Победитель: Вишня
""2022-10-08 19:57:27,538 INFO  Horse [main] Создание Horse, имя Буцефал, скорость 2.4
""2022-10-08 19:57:27,540 INFO  Horse [main] Создание Horse, имя Туз Пик, скорость 2.5
""2022-10-08 19:57:27,541 INFO  Horse [main] Создание Horse, имя Зефир, скорость 2.6
""2022-10-08 19:57:27,541 INFO  Horse [main] Создание Horse, имя Пожар, скорость 2.7
""2022-10-08 19:57:27,541 INFO  Horse [main] Создание Horse, имя Лобстер, скорость 2.8
""2022-10-08 19:57:27,541 INFO  Horse [main] Создание Horse, имя Пегас, скорость 2.9
""2022-10-08 19:57:27,541 INFO  Horse [main] Создание Horse, имя Вишня, скорость 3.0
""2022-10-08 19:57:27,542 INFO  Main [main] Начало скачек. Количество участников: 7
""2022-10-08 19:58:00,782 INFO  Horse [main] Создание Horse, имя Буцефал, скорость 2.4
""2022-10-08 19:58:00,786 INFO  Horse [main] Создание Horse, имя Туз Пик, скорость 2.5
""2022-10-08 19:58:00,786 INFO  Horse [main] Создание Horse, имя Зефир, скорость 2.6
""2022-10-08 19:58:00,786 INFO  Horse [main] Создание Horse, имя Пожар, скорость 2.7
""2022-10-08 19:58:00,787 INFO  Horse [main] Создание Horse, имя Лобстер, скорость 2.8
""2022-10-08 19:58:00,787 INFO  Horse [main] Создание Horse, имя Пегас, скорость 2.9
""2022-10-08 19:58:00,787 INFO  Horse [main] Создание Horse, имя Вишня, скорость 3.0
""2022-10-08 19:58:00,788 INFO  Main [main] Начало скачек. Количество участников: 7
""2022-10-08 19:58:36,338 INFO  Horse [main] Создание Horse, имя Буцефал, скорость 2.4
""2022-10-08 19:58:36,340 INFO  Horse [main] Создание Horse, имя Туз Пик, скорость 2.5
""2022-10-08 19:58:36,341 INFO  Horse [main] Создание Horse, имя Зефир, скорость 2.6
""2022-10-08 19:58:36,341 INFO  Horse [main] Создание Horse, имя Пожар, скорость 2.7
""2022-10-08 19:58:36,341 INFO  Horse [main] Создание Horse, имя Лобстер, скорость 2.8
""2022-10-08 19:58:36,341 INFO  Horse [main] Создание Horse, имя Пегас, скорость 2.9
""2022-10-08 19:58:36,341 INFO  Horse [main] Создание Horse, имя Вишня, скорость 3.0
""2022-10-08 19:58:36,342 INFO  Main [main] Начало скачек. Количество участников: 7
""2022-10-08 19:58:51,755 INFO  Horse [main] Создание Horse, имя Буцефал, скорость 2.4
""2022-10-08 19:58:51,756 INFO  Horse [main] Создание Horse, имя Туз Пик, скорость 2.5
""2022-10-08 19:58:51,756 INFO  Horse [main] Создание Horse, имя Зефир, скорость 2.6
""2022-10-08 19:58:51,757 INFO  Horse [main] Создание Horse, имя Пожар, скорость 2.7
""2022-10-08 19:58:51,757 INFO  Horse [main] Создание Horse, имя Лобстер, скорость 2.8
""2022-10-08 19:58:51,757 INFO  Horse [main] Создание Horse, имя Пегас, скорость 2.9
""2022-10-08 19:58:51,757 INFO  Horse [main] Создание Horse, имя Вишня, скорость 3.0
""2022-10-08 19:58:51,758 INFO  Main [main] Начало скачек. Количество участников: 7
""2022-10-08 20:02:26,777 INFO  Horse [main] Создание Horse, имя Буцефал, скорость 2.4
""2022-10-08 20:02:26,779 INFO  Horse [main] Создание Horse, имя Туз Пик, скорость 2.5
""2022-10-08 20:02:26,779 INFO  Horse [main] Создание Horse, имя Зефир, скорость 2.6
""2022-10-08 20:02:26,779 INFO  Horse [main] Создание Horse, имя Пожар, скорость 2.7
""2022-10-08 20:02:26,779 INFO  Horse [main] Создание Horse, имя Лобстер, скорость 2.8
""2022-10-08 20:02:26,780 INFO  Horse [main] Создание Horse, имя Пегас, скорость 2.9
""2022-10-08 20:02:26,780 INFO  Horse [main] Создание Horse, имя Вишня, скорость 3.0
""2022-10-08 20:02:26,780 INFO  Main [main] Начало скачек. Количество участников: 7
"